e:\__teme\object-oriented programming (oop)\lab8-9\lab8-9\debug\vc142.pdb
e:\__teme\object-oriented programming (oop)\lab8-9\lab8-9\debug\vc142.idb
e:\__teme\object-oriented programming (oop)\lab8-9\lab8-9\debug\validator.obj
e:\__teme\object-oriented programming (oop)\lab8-9\lab8-9\debug\utils.obj
e:\__teme\object-oriented programming (oop)\lab8-9\lab8-9\debug\undo.obj
e:\__teme\object-oriented programming (oop)\lab8-9\lab8-9\debug\ui.obj
e:\__teme\object-oriented programming (oop)\lab8-9\lab8-9\debug\test.obj
e:\__teme\object-oriented programming (oop)\lab8-9\lab8-9\debug\service.obj
e:\__teme\object-oriented programming (oop)\lab8-9\lab8-9\debug\repolab.obj
e:\__teme\object-oriented programming (oop)\lab8-9\lab8-9\debug\repoabstract.obj
e:\__teme\object-oriented programming (oop)\lab8-9\lab8-9\debug\repo.obj
e:\__teme\object-oriented programming (oop)\lab8-9\lab8-9\debug\lab8-9.obj
e:\__teme\object-oriented programming (oop)\lab8-9\lab8-9\debug\domain.obj
e:\__teme\object-oriented programming (oop)\lab8-9\debug\lab8-9.exe
e:\__teme\object-oriented programming (oop)\lab8-9\debug\lab8-9.ilk
e:\__teme\object-oriented programming (oop)\lab8-9\debug\lab8-9.pdb
e:\__teme\object-oriented programming (oop)\lab8-9\lab8-9\debug\domain.nativecodeanalysis.xml
e:\__teme\object-oriented programming (oop)\lab8-9\lab8-9\debug\lab8-9.nativecodeanalysis.xml
e:\__teme\object-oriented programming (oop)\lab8-9\lab8-9\debug\repo.nativecodeanalysis.xml
e:\__teme\object-oriented programming (oop)\lab8-9\lab8-9\debug\repoabstract.nativecodeanalysis.xml
e:\__teme\object-oriented programming (oop)\lab8-9\lab8-9\debug\repolab.nativecodeanalysis.xml
e:\__teme\object-oriented programming (oop)\lab8-9\lab8-9\debug\service.nativecodeanalysis.xml
e:\__teme\object-oriented programming (oop)\lab8-9\lab8-9\debug\test.nativecodeanalysis.xml
e:\__teme\object-oriented programming (oop)\lab8-9\lab8-9\debug\ui.nativecodeanalysis.xml
e:\__teme\object-oriented programming (oop)\lab8-9\lab8-9\debug\undo.nativecodeanalysis.xml
e:\__teme\object-oriented programming (oop)\lab8-9\lab8-9\debug\utils.nativecodeanalysis.xml
e:\__teme\object-oriented programming (oop)\lab8-9\lab8-9\debug\validator.nativecodeanalysis.xml
e:\__teme\object-oriented programming (oop)\lab8-9\lab8-9\debug\vc.nativecodeanalysis.all.xml
e:\__teme\object-oriented programming (oop)\lab8-9\lab8-9\debug\lab8-9.tlog\cl.command.1.tlog
e:\__teme\object-oriented programming (oop)\lab8-9\lab8-9\debug\lab8-9.tlog\cl.read.1.tlog
e:\__teme\object-oriented programming (oop)\lab8-9\lab8-9\debug\lab8-9.tlog\cl.write.1.tlog
e:\__teme\object-oriented programming (oop)\lab8-9\lab8-9\debug\lab8-9.tlog\link.command.1.tlog
e:\__teme\object-oriented programming (oop)\lab8-9\lab8-9\debug\lab8-9.tlog\link.read.1.tlog
e:\__teme\object-oriented programming (oop)\lab8-9\lab8-9\debug\lab8-9.tlog\link.write.1.tlog
